20:47:39.129 [main] INFO  main - Configuring Server
20:47:39.218 [main] INFO  main - Creating Server
20:47:42.427 [main] INFO  o.h.validator.internal.util.Version - HV000001: Hibernate Validator 5.1.2.Final
20:47:43.807 [main] INFO  main - Starting Server
20:47:44.091 [main] INFO  main - Server Started at => http://localhost:1979/api
20:48:14.775 [Thread-2] INFO  main - Stopping Server
20:48:33.114 [main] INFO  main - Configuring Server
20:48:33.118 [main] INFO  main - Creating Server
20:48:34.279 [main] INFO  o.h.validator.internal.util.Version - HV000001: Hibernate Validator 5.1.2.Final
20:48:34.619 [main] INFO  main - Starting Server
20:48:34.683 [main] INFO  main - Server Started at => http://localhost:1979/api
21:27:51.453 [main] INFO  main - Configuring Server
21:27:51.465 [main] INFO  main - Creating Server
21:27:53.812 [main] INFO  o.h.validator.internal.util.Version - HV000001: Hibernate Validator 5.1.2.Final
21:27:54.446 [main] INFO  main - Starting Server
21:27:54.537 [main] INFO  main - Server Started at => http://localhost:1979/api
21:28:30.499 [jersey-server-managed-async-executor-0] INFO  org.hibernate.Version - HHH000412: Hibernate Core {5.0.2.Final}
21:28:30.532 [jersey-server-managed-async-executor-0] INFO  org.hibernate.cfg.Environment - HHH000206: hibernate.properties not found
21:28:30.563 [jersey-server-managed-async-executor-0] INFO  org.hibernate.cfg.Environment - HHH000021: Bytecode provider name : javassist
21:28:33.314 [jersey-server-managed-async-executor-0] INFO  o.h.annotations.common.Version - HCANN000001: Hibernate Commons Annotations {5.0.0.Final}
21:28:33.664 [jersey-server-managed-async-executor-0] WARN  o.h.e.j.c.i.DriverManagerConnectionProviderImpl - HHH000402: Using Hibernate built-in connection pool (not for production use!)
21:28:33.712 [jersey-server-managed-async-executor-0] INFO  o.h.e.j.c.i.DriverManagerConnectionProviderImpl - HHH000401: using driver [com.mysql.jdbc.Driver] at URL [jdbc:mysql://162.216.17.47:3306/loop]
21:28:33.712 [jersey-server-managed-async-executor-0] INFO  o.h.e.j.c.i.DriverManagerConnectionProviderImpl - HHH000046: Connection properties: {user=root, password=****}
21:28:33.713 [jersey-server-managed-async-executor-0] INFO  o.h.e.j.c.i.DriverManagerConnectionProviderImpl - HHH000006: Autocommit mode: false
21:28:33.714 [jersey-server-managed-async-executor-0] INFO  o.h.e.j.c.i.DriverManagerConnectionProviderImpl - HHH000115: Hibernate connection pool size: 1 (min=1)
21:29:09.079 [jersey-server-managed-async-executor-0] WARN  o.h.e.j.c.i.DriverManagerConnectionProviderImpl - HHH000402: Using Hibernate built-in connection pool (not for production use!)
21:29:09.091 [jersey-server-managed-async-executor-0] INFO  o.h.e.j.c.i.DriverManagerConnectionProviderImpl - HHH000401: using driver [com.mysql.jdbc.Driver] at URL [jdbc:mysql://162.216.17.47:3306/loop]
21:29:09.091 [jersey-server-managed-async-executor-0] INFO  o.h.e.j.c.i.DriverManagerConnectionProviderImpl - HHH000046: Connection properties: {user=root, password=****}
21:29:09.092 [jersey-server-managed-async-executor-0] INFO  o.h.e.j.c.i.DriverManagerConnectionProviderImpl - HHH000006: Autocommit mode: false
21:29:09.092 [jersey-server-managed-async-executor-0] INFO  o.h.e.j.c.i.DriverManagerConnectionProviderImpl - HHH000115: Hibernate connection pool size: 1 (min=1)
21:29:25.055 [Finalizer] INFO  o.h.e.j.c.i.DriverManagerConnectionProviderImpl - HHH000030: Cleaning up connection pool [jdbc:mysql://162.216.17.47:3306/loop]
21:29:25.056 [Finalizer] INFO  o.h.e.j.c.i.DriverManagerConnectionProviderImpl - HHH000030: Cleaning up connection pool [jdbc:mysql://162.216.17.47:3306/loop]
21:29:25.091 [jersey-server-managed-async-executor-0] WARN  o.h.e.j.c.i.DriverManagerConnectionProviderImpl - HHH000402: Using Hibernate built-in connection pool (not for production use!)
21:29:25.091 [jersey-server-managed-async-executor-0] INFO  o.h.e.j.c.i.DriverManagerConnectionProviderImpl - HHH000401: using driver [com.mysql.jdbc.Driver] at URL [jdbc:mysql://162.216.17.47:3306/loop]
21:29:25.092 [jersey-server-managed-async-executor-0] INFO  o.h.e.j.c.i.DriverManagerConnectionProviderImpl - HHH000046: Connection properties: {user=root, password=****}
21:29:25.092 [jersey-server-managed-async-executor-0] INFO  o.h.e.j.c.i.DriverManagerConnectionProviderImpl - HHH000006: Autocommit mode: false
21:29:25.092 [jersey-server-managed-async-executor-0] INFO  o.h.e.j.c.i.DriverManagerConnectionProviderImpl - HHH000115: Hibernate connection pool size: 1 (min=1)
21:31:08.330 [main] INFO  main - Configuring Server
21:31:08.353 [main] INFO  main - Creating Server
21:31:09.471 [main] INFO  o.h.validator.internal.util.Version - HV000001: Hibernate Validator 5.1.2.Final
21:31:09.860 [main] INFO  main - Starting Server
21:31:09.929 [main] INFO  main - Server Started at => http://localhost:1979/api
21:31:10.335 [jersey-server-managed-async-executor-0] INFO  org.hibernate.Version - HHH000412: Hibernate Core {5.0.2.Final}
21:31:10.337 [jersey-server-managed-async-executor-0] INFO  org.hibernate.cfg.Environment - HHH000206: hibernate.properties not found
21:31:10.341 [jersey-server-managed-async-executor-0] INFO  org.hibernate.cfg.Environment - HHH000021: Bytecode provider name : javassist
21:31:10.638 [jersey-server-managed-async-executor-0] INFO  o.h.annotations.common.Version - HCANN000001: Hibernate Commons Annotations {5.0.0.Final}
21:31:10.757 [jersey-server-managed-async-executor-0] WARN  o.h.e.j.c.i.DriverManagerConnectionProviderImpl - HHH000402: Using Hibernate built-in connection pool (not for production use!)
21:31:10.766 [jersey-server-managed-async-executor-0] INFO  o.h.e.j.c.i.DriverManagerConnectionProviderImpl - HHH000401: using driver [com.mysql.jdbc.Driver] at URL [jdbc:mysql://162.216.17.47:3306/loop]
21:31:10.770 [jersey-server-managed-async-executor-0] INFO  o.h.e.j.c.i.DriverManagerConnectionProviderImpl - HHH000046: Connection properties: {user=root, password=****}
21:31:10.771 [jersey-server-managed-async-executor-0] INFO  o.h.e.j.c.i.DriverManagerConnectionProviderImpl - HHH000006: Autocommit mode: false
21:31:10.774 [jersey-server-managed-async-executor-0] INFO  o.h.e.j.c.i.DriverManagerConnectionProviderImpl - HHH000115: Hibernate connection pool size: 1 (min=1)
21:31:52.094 [jersey-server-managed-async-executor-0] WARN  o.h.e.j.c.i.DriverManagerConnectionProviderImpl - HHH000402: Using Hibernate built-in connection pool (not for production use!)
21:31:52.095 [jersey-server-managed-async-executor-0] INFO  o.h.e.j.c.i.DriverManagerConnectionProviderImpl - HHH000401: using driver [com.mysql.jdbc.Driver] at URL [jdbc:mysql://162.216.17.47:3306/loop]
21:31:52.095 [jersey-server-managed-async-executor-0] INFO  o.h.e.j.c.i.DriverManagerConnectionProviderImpl - HHH000046: Connection properties: {user=root, password=****}
21:31:52.095 [jersey-server-managed-async-executor-0] INFO  o.h.e.j.c.i.DriverManagerConnectionProviderImpl - HHH000006: Autocommit mode: false
21:31:52.095 [jersey-server-managed-async-executor-0] INFO  o.h.e.j.c.i.DriverManagerConnectionProviderImpl - HHH000115: Hibernate connection pool size: 1 (min=1)
21:32:54.148 [jersey-server-managed-async-executor-1] WARN  o.h.e.j.c.i.DriverManagerConnectionProviderImpl - HHH000402: Using Hibernate built-in connection pool (not for production use!)
21:32:54.168 [jersey-server-managed-async-executor-1] INFO  o.h.e.j.c.i.DriverManagerConnectionProviderImpl - HHH000401: using driver [com.mysql.jdbc.Driver] at URL [jdbc:mysql://162.216.17.47:3306/loop]
21:32:54.169 [jersey-server-managed-async-executor-1] INFO  o.h.e.j.c.i.DriverManagerConnectionProviderImpl - HHH000046: Connection properties: {user=root, password=****}
21:32:54.169 [jersey-server-managed-async-executor-1] INFO  o.h.e.j.c.i.DriverManagerConnectionProviderImpl - HHH000006: Autocommit mode: false
21:32:54.169 [jersey-server-managed-async-executor-1] INFO  o.h.e.j.c.i.DriverManagerConnectionProviderImpl - HHH000115: Hibernate connection pool size: 1 (min=1)
21:32:54.547 [jersey-server-managed-async-executor-1] WARN  o.h.e.j.c.i.DriverManagerConnectionProviderImpl - HHH000402: Using Hibernate built-in connection pool (not for production use!)
21:32:54.548 [jersey-server-managed-async-executor-1] INFO  o.h.e.j.c.i.DriverManagerConnectionProviderImpl - HHH000401: using driver [com.mysql.jdbc.Driver] at URL [jdbc:mysql://162.216.17.47:3306/loop]
21:32:54.548 [jersey-server-managed-async-executor-1] INFO  o.h.e.j.c.i.DriverManagerConnectionProviderImpl - HHH000046: Connection properties: {user=root, password=****}
21:32:54.548 [jersey-server-managed-async-executor-1] INFO  o.h.e.j.c.i.DriverManagerConnectionProviderImpl - HHH000006: Autocommit mode: false
21:32:54.549 [jersey-server-managed-async-executor-1] INFO  o.h.e.j.c.i.DriverManagerConnectionProviderImpl - HHH000115: Hibernate connection pool size: 1 (min=1)
21:33:21.296 [jersey-server-managed-async-executor-1] WARN  o.h.e.j.c.i.DriverManagerConnectionProviderImpl - HHH000402: Using Hibernate built-in connection pool (not for production use!)
21:33:21.304 [jersey-server-managed-async-executor-1] INFO  o.h.e.j.c.i.DriverManagerConnectionProviderImpl - HHH000401: using driver [com.mysql.jdbc.Driver] at URL [jdbc:mysql://162.216.17.47:3306/loop]
21:33:21.307 [jersey-server-managed-async-executor-1] INFO  o.h.e.j.c.i.DriverManagerConnectionProviderImpl - HHH000046: Connection properties: {user=root, password=****}
21:33:21.309 [jersey-server-managed-async-executor-1] INFO  o.h.e.j.c.i.DriverManagerConnectionProviderImpl - HHH000006: Autocommit mode: false
21:33:21.310 [jersey-server-managed-async-executor-1] INFO  o.h.e.j.c.i.DriverManagerConnectionProviderImpl - HHH000115: Hibernate connection pool size: 1 (min=1)
21:34:09.627 [main] INFO  main - Configuring Server
21:34:09.631 [main] INFO  main - Creating Server
21:34:10.869 [main] INFO  o.h.validator.internal.util.Version - HV000001: Hibernate Validator 5.1.2.Final
21:34:11.234 [main] INFO  main - Starting Server
21:34:11.298 [main] INFO  main - Server Started at => http://localhost:1979/api
21:34:16.288 [jersey-server-managed-async-executor-0] INFO  org.hibernate.Version - HHH000412: Hibernate Core {5.0.2.Final}
21:34:16.304 [jersey-server-managed-async-executor-0] INFO  org.hibernate.cfg.Environment - HHH000206: hibernate.properties not found
21:34:16.309 [jersey-server-managed-async-executor-0] INFO  org.hibernate.cfg.Environment - HHH000021: Bytecode provider name : javassist
21:34:17.231 [jersey-server-managed-async-executor-0] INFO  o.h.annotations.common.Version - HCANN000001: Hibernate Commons Annotations {5.0.0.Final}
21:34:17.683 [jersey-server-managed-async-executor-0] WARN  o.h.e.j.c.i.DriverManagerConnectionProviderImpl - HHH000402: Using Hibernate built-in connection pool (not for production use!)
21:34:17.703 [jersey-server-managed-async-executor-0] INFO  o.h.e.j.c.i.DriverManagerConnectionProviderImpl - HHH000401: using driver [com.mysql.jdbc.Driver] at URL [jdbc:mysql://162.216.17.47:3306/loop]
21:34:17.705 [jersey-server-managed-async-executor-0] INFO  o.h.e.j.c.i.DriverManagerConnectionProviderImpl - HHH000046: Connection properties: {user=root, password=****}
21:34:17.706 [jersey-server-managed-async-executor-0] INFO  o.h.e.j.c.i.DriverManagerConnectionProviderImpl - HHH000006: Autocommit mode: false
21:34:17.714 [jersey-server-managed-async-executor-0] INFO  o.h.e.j.c.i.DriverManagerConnectionProviderImpl - HHH000115: Hibernate connection pool size: 1 (min=1)
21:34:45.551 [jersey-server-managed-async-executor-0] WARN  o.h.e.j.c.i.DriverManagerConnectionProviderImpl - HHH000402: Using Hibernate built-in connection pool (not for production use!)
21:34:45.552 [jersey-server-managed-async-executor-0] INFO  o.h.e.j.c.i.DriverManagerConnectionProviderImpl - HHH000401: using driver [com.mysql.jdbc.Driver] at URL [jdbc:mysql://162.216.17.47:3306/loop]
21:34:45.552 [jersey-server-managed-async-executor-0] INFO  o.h.e.j.c.i.DriverManagerConnectionProviderImpl - HHH000046: Connection properties: {user=root, password=****}
21:34:45.553 [jersey-server-managed-async-executor-0] INFO  o.h.e.j.c.i.DriverManagerConnectionProviderImpl - HHH000006: Autocommit mode: false
21:34:45.553 [jersey-server-managed-async-executor-0] INFO  o.h.e.j.c.i.DriverManagerConnectionProviderImpl - HHH000115: Hibernate connection pool size: 1 (min=1)
21:36:42.973 [main] INFO  main - Configuring Server
21:36:42.990 [main] INFO  main - Creating Server
21:36:43.997 [main] INFO  o.h.validator.internal.util.Version - HV000001: Hibernate Validator 5.1.2.Final
21:36:44.281 [main] INFO  main - Starting Server
21:36:44.330 [main] INFO  main - Server Started at => http://localhost:1979/api
21:36:49.016 [Thread-2] INFO  main - Stopping Server
21:36:58.904 [main] INFO  main - Configuring Server
21:36:58.909 [main] INFO  main - Creating Server
21:37:00.278 [main] INFO  o.h.validator.internal.util.Version - HV000001: Hibernate Validator 5.1.2.Final
21:37:00.660 [main] INFO  main - Starting Server
21:37:00.712 [main] INFO  main - Server Started at => http://localhost:1979/api
21:37:10.688 [jersey-server-managed-async-executor-0] INFO  org.hibernate.Version - HHH000412: Hibernate Core {5.0.2.Final}
21:37:10.691 [jersey-server-managed-async-executor-0] INFO  org.hibernate.cfg.Environment - HHH000206: hibernate.properties not found
21:37:10.693 [jersey-server-managed-async-executor-0] INFO  org.hibernate.cfg.Environment - HHH000021: Bytecode provider name : javassist
21:37:11.005 [jersey-server-managed-async-executor-0] INFO  o.h.annotations.common.Version - HCANN000001: Hibernate Commons Annotations {5.0.0.Final}
21:37:11.153 [jersey-server-managed-async-executor-0] WARN  o.h.e.j.c.i.DriverManagerConnectionProviderImpl - HHH000402: Using Hibernate built-in connection pool (not for production use!)
21:37:11.163 [jersey-server-managed-async-executor-0] INFO  o.h.e.j.c.i.DriverManagerConnectionProviderImpl - HHH000401: using driver [com.mysql.jdbc.Driver] at URL [jdbc:mysql://162.216.17.47:3306/loop]
21:37:11.164 [jersey-server-managed-async-executor-0] INFO  o.h.e.j.c.i.DriverManagerConnectionProviderImpl - HHH000046: Connection properties: {user=root, password=****}
21:37:11.164 [jersey-server-managed-async-executor-0] INFO  o.h.e.j.c.i.DriverManagerConnectionProviderImpl - HHH000006: Autocommit mode: false
21:37:11.166 [jersey-server-managed-async-executor-0] INFO  o.h.e.j.c.i.DriverManagerConnectionProviderImpl - HHH000115: Hibernate connection pool size: 1 (min=1)
21:37:33.880 [jersey-server-managed-async-executor-0] WARN  o.h.e.j.c.i.DriverManagerConnectionProviderImpl - HHH000402: Using Hibernate built-in connection pool (not for production use!)
21:37:33.881 [jersey-server-managed-async-executor-0] INFO  o.h.e.j.c.i.DriverManagerConnectionProviderImpl - HHH000401: using driver [com.mysql.jdbc.Driver] at URL [jdbc:mysql://162.216.17.47:3306/loop]
21:37:33.881 [jersey-server-managed-async-executor-0] INFO  o.h.e.j.c.i.DriverManagerConnectionProviderImpl - HHH000046: Connection properties: {user=root, password=****}
21:37:33.881 [jersey-server-managed-async-executor-0] INFO  o.h.e.j.c.i.DriverManagerConnectionProviderImpl - HHH000006: Autocommit mode: false
21:37:33.881 [jersey-server-managed-async-executor-0] INFO  o.h.e.j.c.i.DriverManagerConnectionProviderImpl - HHH000115: Hibernate connection pool size: 1 (min=1)
21:38:11.079 [jersey-server-managed-async-executor-0] WARN  o.h.e.j.c.i.DriverManagerConnectionProviderImpl - HHH000402: Using Hibernate built-in connection pool (not for production use!)
21:38:11.080 [jersey-server-managed-async-executor-0] INFO  o.h.e.j.c.i.DriverManagerConnectionProviderImpl - HHH000401: using driver [com.mysql.jdbc.Driver] at URL [jdbc:mysql://162.216.17.47:3306/loop]
21:38:11.080 [jersey-server-managed-async-executor-0] INFO  o.h.e.j.c.i.DriverManagerConnectionProviderImpl - HHH000046: Connection properties: {user=root, password=****}
21:38:11.080 [jersey-server-managed-async-executor-0] INFO  o.h.e.j.c.i.DriverManagerConnectionProviderImpl - HHH000006: Autocommit mode: false
21:38:11.080 [jersey-server-managed-async-executor-0] INFO  o.h.e.j.c.i.DriverManagerConnectionProviderImpl - HHH000115: Hibernate connection pool size: 1 (min=1)
21:40:00.185 [main] INFO  main - Configuring Server
21:40:00.189 [main] INFO  main - Creating Server
21:40:01.386 [main] INFO  o.h.validator.internal.util.Version - HV000001: Hibernate Validator 5.1.2.Final
21:40:01.690 [main] INFO  main - Starting Server
21:40:01.742 [main] INFO  main - Server Started at => http://localhost:1979/api
21:40:02.263 [Thread-2] INFO  main - Stopping Server
21:40:09.131 [main] INFO  main - Configuring Server
21:40:09.136 [main] INFO  main - Creating Server
21:40:10.236 [main] INFO  o.h.validator.internal.util.Version - HV000001: Hibernate Validator 5.1.2.Final
21:40:10.598 [main] INFO  main - Starting Server
21:40:10.670 [main] INFO  main - Server Started at => http://localhost:1979/api
21:41:09.524 [jersey-server-managed-async-executor-0] INFO  org.hibernate.Version - HHH000412: Hibernate Core {5.0.2.Final}
21:41:09.527 [jersey-server-managed-async-executor-0] INFO  org.hibernate.cfg.Environment - HHH000206: hibernate.properties not found
21:41:09.530 [jersey-server-managed-async-executor-0] INFO  org.hibernate.cfg.Environment - HHH000021: Bytecode provider name : javassist
21:43:36.735 [main] INFO  main - Configuring Server
21:43:36.739 [main] INFO  main - Creating Server
21:43:37.901 [main] INFO  o.h.validator.internal.util.Version - HV000001: Hibernate Validator 5.1.2.Final
21:43:38.359 [main] INFO  main - Starting Server
21:43:38.753 [main] INFO  main - Server Started at => http://localhost:1979/api
21:44:00.514 [jersey-server-managed-async-executor-0] INFO  org.hibernate.Version - HHH000412: Hibernate Core {5.0.2.Final}
21:44:00.516 [jersey-server-managed-async-executor-0] INFO  org.hibernate.cfg.Environment - HHH000206: hibernate.properties not found
21:44:00.517 [jersey-server-managed-async-executor-0] INFO  org.hibernate.cfg.Environment - HHH000021: Bytecode provider name : javassist
21:44:02.889 [jersey-server-managed-async-executor-0] INFO  o.h.annotations.common.Version - HCANN000001: Hibernate Commons Annotations {5.0.0.Final}
21:44:02.986 [jersey-server-managed-async-executor-0] WARN  o.h.e.j.c.i.DriverManagerConnectionProviderImpl - HHH000402: Using Hibernate built-in connection pool (not for production use!)
21:44:02.992 [jersey-server-managed-async-executor-0] INFO  o.h.e.j.c.i.DriverManagerConnectionProviderImpl - HHH000401: using driver [com.mysql.jdbc.Driver] at URL [jdbc:mysql://162.216.17.47:3306/loop]
21:44:02.993 [jersey-server-managed-async-executor-0] INFO  o.h.e.j.c.i.DriverManagerConnectionProviderImpl - HHH000046: Connection properties: {user=root, password=****}
21:44:02.993 [jersey-server-managed-async-executor-0] INFO  o.h.e.j.c.i.DriverManagerConnectionProviderImpl - HHH000006: Autocommit mode: false
21:44:02.995 [jersey-server-managed-async-executor-0] INFO  o.h.e.j.c.i.DriverManagerConnectionProviderImpl - HHH000115: Hibernate connection pool size: 1 (min=1)
21:44:42.913 [jersey-server-managed-async-executor-0] WARN  o.h.e.j.c.i.DriverManagerConnectionProviderImpl - HHH000402: Using Hibernate built-in connection pool (not for production use!)
21:44:42.945 [jersey-server-managed-async-executor-0] INFO  o.h.e.j.c.i.DriverManagerConnectionProviderImpl - HHH000401: using driver [com.mysql.jdbc.Driver] at URL [jdbc:mysql://162.216.17.47:3306/loop]
21:44:42.946 [jersey-server-managed-async-executor-0] INFO  o.h.e.j.c.i.DriverManagerConnectionProviderImpl - HHH000046: Connection properties: {user=root, password=****}
21:44:42.946 [jersey-server-managed-async-executor-0] INFO  o.h.e.j.c.i.DriverManagerConnectionProviderImpl - HHH000006: Autocommit mode: false
21:44:42.946 [jersey-server-managed-async-executor-0] INFO  o.h.e.j.c.i.DriverManagerConnectionProviderImpl - HHH000115: Hibernate connection pool size: 1 (min=1)
21:44:57.121 [main] INFO  main - Configuring Server
21:44:57.125 [main] INFO  main - Creating Server
21:44:58.095 [main] INFO  o.h.validator.internal.util.Version - HV000001: Hibernate Validator 5.1.2.Final
21:44:58.369 [main] INFO  main - Starting Server
21:44:58.416 [main] INFO  main - Server Started at => http://localhost:1979/api
21:45:02.272 [jersey-server-managed-async-executor-0] INFO  org.hibernate.Version - HHH000412: Hibernate Core {5.0.2.Final}
21:45:02.280 [jersey-server-managed-async-executor-0] INFO  org.hibernate.cfg.Environment - HHH000206: hibernate.properties not found
21:45:02.283 [jersey-server-managed-async-executor-0] INFO  org.hibernate.cfg.Environment - HHH000021: Bytecode provider name : javassist
21:45:02.556 [jersey-server-managed-async-executor-0] INFO  o.h.annotations.common.Version - HCANN000001: Hibernate Commons Annotations {5.0.0.Final}
21:45:02.645 [jersey-server-managed-async-executor-0] WARN  o.h.e.j.c.i.DriverManagerConnectionProviderImpl - HHH000402: Using Hibernate built-in connection pool (not for production use!)
21:45:02.651 [jersey-server-managed-async-executor-0] INFO  o.h.e.j.c.i.DriverManagerConnectionProviderImpl - HHH000401: using driver [com.mysql.jdbc.Driver] at URL [jdbc:mysql://162.216.17.47:3306/loop]
21:45:02.652 [jersey-server-managed-async-executor-0] INFO  o.h.e.j.c.i.DriverManagerConnectionProviderImpl - HHH000046: Connection properties: {user=root, password=****}
21:45:02.652 [jersey-server-managed-async-executor-0] INFO  o.h.e.j.c.i.DriverManagerConnectionProviderImpl - HHH000006: Autocommit mode: false
21:45:02.654 [jersey-server-managed-async-executor-0] INFO  o.h.e.j.c.i.DriverManagerConnectionProviderImpl - HHH000115: Hibernate connection pool size: 1 (min=1)
21:45:11.923 [Thread-2] INFO  main - Stopping Server
21:45:39.343 [main] INFO  main - Configuring Server
21:45:39.347 [main] INFO  main - Creating Server
21:45:40.536 [main] INFO  o.h.validator.internal.util.Version - HV000001: Hibernate Validator 5.1.2.Final
21:45:40.938 [main] INFO  main - Starting Server
21:45:40.993 [main] INFO  main - Server Started at => http://localhost:1979/api
21:45:48.570 [jersey-server-managed-async-executor-0] INFO  org.hibernate.Version - HHH000412: Hibernate Core {5.0.2.Final}
21:45:48.573 [jersey-server-managed-async-executor-0] INFO  org.hibernate.cfg.Environment - HHH000206: hibernate.properties not found
21:45:48.577 [jersey-server-managed-async-executor-0] INFO  org.hibernate.cfg.Environment - HHH000021: Bytecode provider name : javassist
21:45:53.633 [jersey-server-managed-async-executor-0] INFO  o.h.annotations.common.Version - HCANN000001: Hibernate Commons Annotations {5.0.0.Final}
21:45:53.731 [jersey-server-managed-async-executor-0] WARN  o.h.e.j.c.i.DriverManagerConnectionProviderImpl - HHH000402: Using Hibernate built-in connection pool (not for production use!)
21:45:53.737 [jersey-server-managed-async-executor-0] INFO  o.h.e.j.c.i.DriverManagerConnectionProviderImpl - HHH000401: using driver [com.mysql.jdbc.Driver] at URL [jdbc:mysql://162.216.17.47:3306/loop]
21:45:53.737 [jersey-server-managed-async-executor-0] INFO  o.h.e.j.c.i.DriverManagerConnectionProviderImpl - HHH000046: Connection properties: {user=root, password=****}
21:45:53.738 [jersey-server-managed-async-executor-0] INFO  o.h.e.j.c.i.DriverManagerConnectionProviderImpl - HHH000006: Autocommit mode: false
21:45:53.739 [jersey-server-managed-async-executor-0] INFO  o.h.e.j.c.i.DriverManagerConnectionProviderImpl - HHH000115: Hibernate connection pool size: 1 (min=1)
21:46:26.705 [jersey-server-managed-async-executor-0] WARN  o.h.e.j.c.i.DriverManagerConnectionProviderImpl - HHH000402: Using Hibernate built-in connection pool (not for production use!)
21:46:26.740 [jersey-server-managed-async-executor-0] INFO  o.h.e.j.c.i.DriverManagerConnectionProviderImpl - HHH000401: using driver [com.mysql.jdbc.Driver] at URL [jdbc:mysql://162.216.17.47:3306/loop]
21:46:26.742 [jersey-server-managed-async-executor-0] INFO  o.h.e.j.c.i.DriverManagerConnectionProviderImpl - HHH000046: Connection properties: {user=root, password=****}
21:46:26.743 [jersey-server-managed-async-executor-0] INFO  o.h.e.j.c.i.DriverManagerConnectionProviderImpl - HHH000006: Autocommit mode: false
21:46:26.745 [jersey-server-managed-async-executor-0] INFO  o.h.e.j.c.i.DriverManagerConnectionProviderImpl - HHH000115: Hibernate connection pool size: 1 (min=1)
21:49:00.187 [main] INFO  main - Configuring Server
21:49:00.191 [main] INFO  main - Creating Server
21:49:01.448 [main] INFO  o.h.validator.internal.util.Version - HV000001: Hibernate Validator 5.1.2.Final
21:49:01.821 [main] INFO  main - Starting Server
21:49:01.889 [main] INFO  main - Server Started at => http://localhost:1979/api
21:49:09.278 [jersey-server-managed-async-executor-0] INFO  org.hibernate.Version - HHH000412: Hibernate Core {5.0.2.Final}
21:49:09.280 [jersey-server-managed-async-executor-0] INFO  org.hibernate.cfg.Environment - HHH000206: hibernate.properties not found
21:49:09.283 [jersey-server-managed-async-executor-0] INFO  org.hibernate.cfg.Environment - HHH000021: Bytecode provider name : javassist
21:49:24.290 [jersey-server-managed-async-executor-0] INFO  o.h.annotations.common.Version - HCANN000001: Hibernate Commons Annotations {5.0.0.Final}
21:49:58.569 [jersey-server-managed-async-executor-0] WARN  o.h.e.j.c.i.DriverManagerConnectionProviderImpl - HHH000402: Using Hibernate built-in connection pool (not for production use!)
21:49:58.591 [jersey-server-managed-async-executor-0] INFO  o.h.e.j.c.i.DriverManagerConnectionProviderImpl - HHH000401: using driver [com.mysql.jdbc.Driver] at URL [jdbc:mysql://162.216.17.47:3306/loop]
21:49:58.592 [jersey-server-managed-async-executor-0] INFO  o.h.e.j.c.i.DriverManagerConnectionProviderImpl - HHH000046: Connection properties: {user=root, password=****}
21:49:58.593 [jersey-server-managed-async-executor-0] INFO  o.h.e.j.c.i.DriverManagerConnectionProviderImpl - HHH000006: Autocommit mode: false
21:49:58.601 [jersey-server-managed-async-executor-0] INFO  o.h.e.j.c.i.DriverManagerConnectionProviderImpl - HHH000115: Hibernate connection pool size: 1 (min=1)
21:51:10.546 [main] INFO  main - Configuring Server
21:51:10.563 [main] INFO  main - Creating Server
21:51:11.734 [main] INFO  o.h.validator.internal.util.Version - HV000001: Hibernate Validator 5.1.2.Final
21:51:12.126 [main] INFO  main - Starting Server
21:51:12.201 [main] INFO  main - Server Started at => http://localhost:1979/api
21:51:14.648 [jersey-server-managed-async-executor-0] INFO  org.hibernate.Version - HHH000412: Hibernate Core {5.0.2.Final}
21:51:14.652 [jersey-server-managed-async-executor-0] INFO  org.hibernate.cfg.Environment - HHH000206: hibernate.properties not found
21:51:14.654 [jersey-server-managed-async-executor-0] INFO  org.hibernate.cfg.Environment - HHH000021: Bytecode provider name : javassist
21:51:18.791 [jersey-server-managed-async-executor-0] INFO  o.h.annotations.common.Version - HCANN000001: Hibernate Commons Annotations {5.0.0.Final}
21:51:21.544 [jersey-server-managed-async-executor-0] WARN  o.h.e.j.c.i.DriverManagerConnectionProviderImpl - HHH000402: Using Hibernate built-in connection pool (not for production use!)
21:51:21.552 [jersey-server-managed-async-executor-0] INFO  o.h.e.j.c.i.DriverManagerConnectionProviderImpl - HHH000401: using driver [com.mysql.jdbc.Driver] at URL [jdbc:mysql://162.216.17.47:3306/loop]
21:51:21.553 [jersey-server-managed-async-executor-0] INFO  o.h.e.j.c.i.DriverManagerConnectionProviderImpl - HHH000046: Connection properties: {user=root, password=****}
21:51:21.553 [jersey-server-managed-async-executor-0] INFO  o.h.e.j.c.i.DriverManagerConnectionProviderImpl - HHH000006: Autocommit mode: false
21:51:21.555 [jersey-server-managed-async-executor-0] INFO  o.h.e.j.c.i.DriverManagerConnectionProviderImpl - HHH000115: Hibernate connection pool size: 1 (min=1)
21:58:30.903 [main] INFO  main - Configuring Server
21:58:30.928 [main] INFO  main - Creating Server
21:58:32.302 [main] INFO  o.h.validator.internal.util.Version - HV000001: Hibernate Validator 5.1.2.Final
21:58:32.686 [main] INFO  main - Starting Server
21:58:32.746 [main] INFO  main - Server Started at => http://localhost:1979/api
21:58:44.980 [grizzly-http-server-0] INFO  org.hibernate.Version - HHH000412: Hibernate Core {5.0.2.Final}
21:58:44.982 [grizzly-http-server-0] INFO  org.hibernate.cfg.Environment - HHH000206: hibernate.properties not found
21:58:44.983 [grizzly-http-server-0] INFO  org.hibernate.cfg.Environment - HHH000021: Bytecode provider name : javassist
21:58:48.911 [grizzly-http-server-0] INFO  o.h.annotations.common.Version - HCANN000001: Hibernate Commons Annotations {5.0.0.Final}
21:58:52.503 [grizzly-http-server-0] WARN  o.h.e.j.c.i.DriverManagerConnectionProviderImpl - HHH000402: Using Hibernate built-in connection pool (not for production use!)
21:58:52.512 [grizzly-http-server-0] INFO  o.h.e.j.c.i.DriverManagerConnectionProviderImpl - HHH000401: using driver [com.mysql.jdbc.Driver] at URL [jdbc:mysql://162.216.17.47:3306/loop]
21:58:52.513 [grizzly-http-server-0] INFO  o.h.e.j.c.i.DriverManagerConnectionProviderImpl - HHH000046: Connection properties: {user=root, password=****}
21:58:52.513 [grizzly-http-server-0] INFO  o.h.e.j.c.i.DriverManagerConnectionProviderImpl - HHH000006: Autocommit mode: false
21:58:52.516 [grizzly-http-server-0] INFO  o.h.e.j.c.i.DriverManagerConnectionProviderImpl - HHH000115: Hibernate connection pool size: 1 (min=1)
22:02:39.465 [main] INFO  main - Configuring Server
22:02:39.470 [main] INFO  main - Creating Server
22:02:40.544 [main] INFO  o.h.validator.internal.util.Version - HV000001: Hibernate Validator 5.1.2.Final
22:02:40.897 [main] INFO  main - Starting Server
22:02:40.965 [main] INFO  main - Server Started at => http://localhost:1979/api
22:05:50.762 [main] INFO  main - Configuring Server
22:05:51.355 [main] INFO  main - Creating Server
22:05:52.856 [main] INFO  o.h.validator.internal.util.Version - HV000001: Hibernate Validator 5.1.2.Final
22:05:53.497 [main] INFO  main - Starting Server
22:05:53.600 [main] INFO  main - Server Started at => http://localhost:61671/api
22:06:23.032 [main] INFO  main - Configuring Server
22:06:23.049 [main] INFO  main - Creating Server
22:06:24.200 [main] INFO  o.h.validator.internal.util.Version - HV000001: Hibernate Validator 5.1.2.Final
22:06:24.549 [main] INFO  main - Starting Server
22:06:24.602 [main] INFO  main - Server Started at => http://localhost:1979/api
22:06:46.813 [main] INFO  main - Configuring Server
22:06:46.817 [main] INFO  main - Creating Server
22:06:47.992 [main] INFO  o.h.validator.internal.util.Version - HV000001: Hibernate Validator 5.1.2.Final
22:06:48.382 [main] INFO  main - Starting Server
22:06:48.450 [main] INFO  main - Server Started at => http://localhost:1979/api
22:08:38.558 [main] INFO  main - Configuring Server
22:08:38.562 [main] INFO  main - Creating Server
22:08:39.756 [main] INFO  o.h.validator.internal.util.Version - HV000001: Hibernate Validator 5.1.2.Final
22:08:40.145 [main] INFO  main - Starting Server
22:08:40.201 [main] INFO  main - Server Started at => http://localhost:1979/api
22:08:52.475 [grizzly-http-server-0] INFO  org.hibernate.Version - HHH000412: Hibernate Core {5.0.2.Final}
22:08:52.496 [grizzly-http-server-0] INFO  org.hibernate.cfg.Environment - HHH000206: hibernate.properties not found
22:08:52.499 [grizzly-http-server-0] INFO  org.hibernate.cfg.Environment - HHH000021: Bytecode provider name : javassist
22:09:06.091 [grizzly-http-server-0] INFO  o.h.annotations.common.Version - HCANN000001: Hibernate Commons Annotations {5.0.0.Final}
22:09:06.206 [grizzly-http-server-0] WARN  o.h.e.j.c.i.DriverManagerConnectionProviderImpl - HHH000402: Using Hibernate built-in connection pool (not for production use!)
22:09:06.213 [grizzly-http-server-0] INFO  o.h.e.j.c.i.DriverManagerConnectionProviderImpl - HHH000401: using driver [com.mysql.jdbc.Driver] at URL [jdbc:mysql://162.216.17.47:3306/loop]
22:09:06.214 [grizzly-http-server-0] INFO  o.h.e.j.c.i.DriverManagerConnectionProviderImpl - HHH000046: Connection properties: {user=root, password=****}
22:09:06.215 [grizzly-http-server-0] INFO  o.h.e.j.c.i.DriverManagerConnectionProviderImpl - HHH000006: Autocommit mode: false
22:09:06.218 [grizzly-http-server-0] INFO  o.h.e.j.c.i.DriverManagerConnectionProviderImpl - HHH000115: Hibernate connection pool size: 1 (min=1)
22:11:41.816 [main] INFO  main - Configuring Server
22:11:41.820 [main] INFO  main - Creating Server
22:11:42.995 [main] INFO  o.h.validator.internal.util.Version - HV000001: Hibernate Validator 5.1.2.Final
22:11:43.311 [main] INFO  main - Starting Server
22:11:43.364 [main] INFO  main - Server Started at => http://localhost:1979/api
22:11:45.545 [grizzly-http-server-0] INFO  org.hibernate.Version - HHH000412: Hibernate Core {5.0.2.Final}
22:11:45.548 [grizzly-http-server-0] INFO  org.hibernate.cfg.Environment - HHH000206: hibernate.properties not found
22:11:45.549 [grizzly-http-server-0] INFO  org.hibernate.cfg.Environment - HHH000021: Bytecode provider name : javassist
22:11:45.833 [grizzly-http-server-0] INFO  o.h.annotations.common.Version - HCANN000001: Hibernate Commons Annotations {5.0.0.Final}
22:11:45.922 [grizzly-http-server-0] WARN  o.h.e.j.c.i.DriverManagerConnectionProviderImpl - HHH000402: Using Hibernate built-in connection pool (not for production use!)
22:11:45.927 [grizzly-http-server-0] INFO  o.h.e.j.c.i.DriverManagerConnectionProviderImpl - HHH000401: using driver [com.mysql.jdbc.Driver] at URL [jdbc:mysql://162.216.17.47:3306/loop]
22:11:45.927 [grizzly-http-server-0] INFO  o.h.e.j.c.i.DriverManagerConnectionProviderImpl - HHH000046: Connection properties: {user=root, password=****}
22:11:45.928 [grizzly-http-server-0] INFO  o.h.e.j.c.i.DriverManagerConnectionProviderImpl - HHH000006: Autocommit mode: false
22:11:45.930 [grizzly-http-server-0] INFO  o.h.e.j.c.i.DriverManagerConnectionProviderImpl - HHH000115: Hibernate connection pool size: 1 (min=1)
22:11:52.102 [Thread-2] INFO  main - Stopping Server
22:13:49.142 [main] INFO  main - Configuring Server
22:13:49.159 [main] INFO  main - Creating Server
22:13:52.870 [main] INFO  o.h.validator.internal.util.Version - HV000001: Hibernate Validator 5.1.2.Final
22:13:53.927 [main] INFO  main - Starting Server
22:13:54.039 [main] INFO  main - Server Started at => http://localhost:1979/api
22:14:02.957 [grizzly-http-server-0] INFO  org.hibernate.Version - HHH000412: Hibernate Core {5.0.2.Final}
22:14:02.972 [grizzly-http-server-0] INFO  org.hibernate.cfg.Environment - HHH000206: hibernate.properties not found
22:14:02.975 [grizzly-http-server-0] INFO  org.hibernate.cfg.Environment - HHH000021: Bytecode provider name : javassist
22:14:06.080 [grizzly-http-server-0] INFO  o.h.annotations.common.Version - HCANN000001: Hibernate Commons Annotations {5.0.0.Final}
22:14:06.244 [grizzly-http-server-0] WARN  o.h.e.j.c.i.DriverManagerConnectionProviderImpl - HHH000402: Using Hibernate built-in connection pool (not for production use!)
22:14:06.271 [grizzly-http-server-0] INFO  o.h.e.j.c.i.DriverManagerConnectionProviderImpl - HHH000401: using driver [com.mysql.jdbc.Driver] at URL [jdbc:mysql://162.216.17.47:3306/loop]
22:14:06.272 [grizzly-http-server-0] INFO  o.h.e.j.c.i.DriverManagerConnectionProviderImpl - HHH000046: Connection properties: {user=root, password=****}
22:14:06.272 [grizzly-http-server-0] INFO  o.h.e.j.c.i.DriverManagerConnectionProviderImpl - HHH000006: Autocommit mode: false
22:14:06.274 [grizzly-http-server-0] INFO  o.h.e.j.c.i.DriverManagerConnectionProviderImpl - HHH000115: Hibernate connection pool size: 5 (min=1)
22:20:25.510 [main] INFO  main - Configuring Server
22:20:25.515 [main] INFO  main - Creating Server
22:20:26.790 [main] INFO  o.h.validator.internal.util.Version - HV000001: Hibernate Validator 5.1.2.Final
22:20:27.136 [main] INFO  main - Starting Server
22:20:27.225 [main] INFO  main - Server Started at => http://localhost:1979/api
22:20:35.028 [grizzly-http-server-0] INFO  org.hibernate.Version - HHH000412: Hibernate Core {5.0.2.Final}
22:20:35.030 [grizzly-http-server-0] INFO  org.hibernate.cfg.Environment - HHH000206: hibernate.properties not found
22:20:35.032 [grizzly-http-server-0] INFO  org.hibernate.cfg.Environment - HHH000021: Bytecode provider name : javassist
22:20:36.815 [grizzly-http-server-0] INFO  o.h.annotations.common.Version - HCANN000001: Hibernate Commons Annotations {5.0.0.Final}
22:20:36.930 [grizzly-http-server-0] WARN  o.h.e.j.c.i.DriverManagerConnectionProviderImpl - HHH000402: Using Hibernate built-in connection pool (not for production use!)
22:20:36.936 [grizzly-http-server-0] INFO  o.h.e.j.c.i.DriverManagerConnectionProviderImpl - HHH000401: using driver [com.mysql.jdbc.Driver] at URL [jdbc:mysql://162.216.17.47:3306/loop]
22:20:36.937 [grizzly-http-server-0] INFO  o.h.e.j.c.i.DriverManagerConnectionProviderImpl - HHH000046: Connection properties: {user=root, password=****}
22:20:36.938 [grizzly-http-server-0] INFO  o.h.e.j.c.i.DriverManagerConnectionProviderImpl - HHH000006: Autocommit mode: false
22:20:36.941 [grizzly-http-server-0] INFO  o.h.e.j.c.i.DriverManagerConnectionProviderImpl - HHH000115: Hibernate connection pool size: 5 (min=1)
22:23:45.545 [main] INFO  main - Configuring Server
22:23:45.808 [main] INFO  main - Creating Server
22:23:46.786 [main] INFO  o.h.validator.internal.util.Version - HV000001: Hibernate Validator 5.1.2.Final
22:23:47.223 [main] INFO  main - Starting Server
22:23:47.350 [main] INFO  main - Server Started at => http://localhost:62285/api
22:24:34.834 [main] INFO  main - Configuring Server
22:24:34.855 [main] INFO  main - Creating Server
22:24:37.237 [main] INFO  o.h.validator.internal.util.Version - HV000001: Hibernate Validator 5.1.2.Final
22:24:37.907 [main] INFO  main - Starting Server
22:24:38.005 [main] INFO  main - Server Started at => http://localhost:1979/api
22:24:49.461 [grizzly-http-server-0] INFO  org.hibernate.Version - HHH000412: Hibernate Core {5.0.2.Final}
22:24:49.523 [grizzly-http-server-0] INFO  org.hibernate.cfg.Environment - HHH000206: hibernate.properties not found
22:24:49.580 [grizzly-http-server-0] INFO  org.hibernate.cfg.Environment - HHH000021: Bytecode provider name : javassist
22:24:52.200 [grizzly-http-server-0] INFO  o.h.annotations.common.Version - HCANN000001: Hibernate Commons Annotations {5.0.0.Final}
22:24:53.069 [grizzly-http-server-0] WARN  o.h.e.j.c.i.DriverManagerConnectionProviderImpl - HHH000402: Using Hibernate built-in connection pool (not for production use!)
22:24:53.104 [grizzly-http-server-0] INFO  o.h.e.j.c.i.DriverManagerConnectionProviderImpl - HHH000401: using driver [com.mysql.jdbc.Driver] at URL [jdbc:mysql://162.216.17.47:3306/loop]
22:24:53.105 [grizzly-http-server-0] INFO  o.h.e.j.c.i.DriverManagerConnectionProviderImpl - HHH000046: Connection properties: {user=root, password=****}
22:24:53.106 [grizzly-http-server-0] INFO  o.h.e.j.c.i.DriverManagerConnectionProviderImpl - HHH000006: Autocommit mode: false
22:24:53.109 [grizzly-http-server-0] INFO  o.h.e.j.c.i.DriverManagerConnectionProviderImpl - HHH000115: Hibernate connection pool size: 5 (min=1)
22:24:57.166 [grizzly-http-server-0] INFO  org.hibernate.dialect.Dialect - HHH000400: Using dialect: org.hibernate.dialect.MySQLDialect
22:28:47.154 [main] INFO  main - Configuring Server
22:28:47.382 [main] INFO  main - Creating Server
22:28:48.406 [main] INFO  o.h.validator.internal.util.Version - HV000001: Hibernate Validator 5.1.2.Final
22:28:48.897 [main] INFO  main - Starting Server
22:28:49.016 [main] INFO  main - Server Started at => http://localhost:62915/api
22:29:14.450 [main] INFO  main - Configuring Server
22:29:14.454 [main] INFO  main - Creating Server
22:29:15.545 [main] INFO  o.h.validator.internal.util.Version - HV000001: Hibernate Validator 5.1.2.Final
22:29:15.899 [main] INFO  main - Starting Server
22:29:15.960 [main] INFO  main - Server Started at => http://localhost:1979/api
22:29:22.193 [grizzly-http-server-0] INFO  org.hibernate.Version - HHH000412: Hibernate Core {5.0.2.Final}
22:29:22.195 [grizzly-http-server-0] INFO  org.hibernate.cfg.Environment - HHH000206: hibernate.properties not found
22:29:22.197 [grizzly-http-server-0] INFO  org.hibernate.cfg.Environment - HHH000021: Bytecode provider name : javassist
22:29:22.458 [grizzly-http-server-0] INFO  o.h.annotations.common.Version - HCANN000001: Hibernate Commons Annotations {5.0.0.Final}
22:29:22.556 [grizzly-http-server-0] WARN  o.h.e.j.c.i.DriverManagerConnectionProviderImpl - HHH000402: Using Hibernate built-in connection pool (not for production use!)
22:29:22.565 [grizzly-http-server-0] INFO  o.h.e.j.c.i.DriverManagerConnectionProviderImpl - HHH000401: using driver [com.mysql.jdbc.Driver] at URL [jdbc:mysql://162.216.17.47:3306/loop]
22:29:22.566 [grizzly-http-server-0] INFO  o.h.e.j.c.i.DriverManagerConnectionProviderImpl - HHH000046: Connection properties: {user=root, password=****}
22:29:22.567 [grizzly-http-server-0] INFO  o.h.e.j.c.i.DriverManagerConnectionProviderImpl - HHH000006: Autocommit mode: false
22:29:22.569 [grizzly-http-server-0] INFO  o.h.e.j.c.i.DriverManagerConnectionProviderImpl - HHH000115: Hibernate connection pool size: 5 (min=1)
22:29:23.099 [grizzly-http-server-0] INFO  org.hibernate.dialect.Dialect - HHH000400: Using dialect: org.hibernate.dialect.MySQLDialect
22:29:23.465 [grizzly-http-server-0] WARN  org.hibernate.mapping.RootClass - HHH000038: Composite-id class does not override equals(): upsport.loop.model.RatingId
22:29:23.465 [grizzly-http-server-0] WARN  org.hibernate.mapping.RootClass - HHH000039: Composite-id class does not override hashCode(): upsport.loop.model.RatingId
22:34:13.312 [main] INFO  main - Configuring Server
22:34:13.514 [main] INFO  main - Creating Server
22:34:14.281 [main] INFO  o.h.validator.internal.util.Version - HV000001: Hibernate Validator 5.1.2.Final
22:34:14.659 [main] INFO  main - Starting Server
22:34:14.770 [main] INFO  main - Server Started at => http://localhost:63029/api
22:35:22.351 [main] INFO  main - Configuring Server
22:35:22.363 [main] INFO  main - Creating Server
22:35:23.579 [main] INFO  o.h.validator.internal.util.Version - HV000001: Hibernate Validator 5.1.2.Final
22:35:23.993 [main] INFO  main - Starting Server
22:35:24.081 [main] INFO  main - Server Started at => http://localhost:1979/api
22:35:26.515 [grizzly-http-server-0] INFO  org.hibernate.Version - HHH000412: Hibernate Core {5.0.2.Final}
22:35:26.518 [grizzly-http-server-0] INFO  org.hibernate.cfg.Environment - HHH000206: hibernate.properties not found
22:35:26.520 [grizzly-http-server-0] INFO  org.hibernate.cfg.Environment - HHH000021: Bytecode provider name : javassist
22:35:26.843 [grizzly-http-server-0] INFO  o.h.annotations.common.Version - HCANN000001: Hibernate Commons Annotations {5.0.0.Final}
22:35:26.946 [grizzly-http-server-0] WARN  o.h.e.j.c.i.DriverManagerConnectionProviderImpl - HHH000402: Using Hibernate built-in connection pool (not for production use!)
22:35:26.954 [grizzly-http-server-0] INFO  o.h.e.j.c.i.DriverManagerConnectionProviderImpl - HHH000401: using driver [com.mysql.jdbc.Driver] at URL [jdbc:mysql://162.216.17.47:3306/loop]
22:35:26.955 [grizzly-http-server-0] INFO  o.h.e.j.c.i.DriverManagerConnectionProviderImpl - HHH000046: Connection properties: {user=root, password=****}
22:35:26.955 [grizzly-http-server-0] INFO  o.h.e.j.c.i.DriverManagerConnectionProviderImpl - HHH000006: Autocommit mode: false
22:35:26.959 [grizzly-http-server-0] INFO  o.h.e.j.c.i.DriverManagerConnectionProviderImpl - HHH000115: Hibernate connection pool size: 5 (min=1)
22:35:27.446 [grizzly-http-server-0] INFO  org.hibernate.dialect.Dialect - HHH000400: Using dialect: org.hibernate.dialect.MySQLDialect
22:35:27.829 [grizzly-http-server-0] WARN  org.hibernate.mapping.RootClass - HHH000038: Composite-id class does not override equals(): upsport.loop.model.RatingId
22:35:27.829 [grizzly-http-server-0] WARN  org.hibernate.mapping.RootClass - HHH000039: Composite-id class does not override hashCode(): upsport.loop.model.RatingId
22:40:14.726 [main] INFO  main - Configuring Server
22:40:15.056 [main] INFO  main - Creating Server
22:40:16.520 [main] INFO  o.h.validator.internal.util.Version - HV000001: Hibernate Validator 5.1.2.Final
22:40:17.237 [main] INFO  main - Starting Server
22:40:17.346 [main] INFO  main - Server Started at => http://localhost:63082/api
22:41:22.150 [main] INFO  main - Configuring Server
22:41:22.169 [main] INFO  main - Creating Server
22:41:23.754 [main] INFO  o.h.validator.internal.util.Version - HV000001: Hibernate Validator 5.1.2.Final
22:41:24.336 [main] INFO  main - Starting Server
22:41:24.394 [main] INFO  main - Server Started at => http://localhost:1979/api
22:41:33.334 [grizzly-http-server-0] INFO  org.hibernate.Version - HHH000412: Hibernate Core {5.0.2.Final}
22:41:33.344 [grizzly-http-server-0] INFO  org.hibernate.cfg.Environment - HHH000206: hibernate.properties not found
22:41:33.349 [grizzly-http-server-0] INFO  org.hibernate.cfg.Environment - HHH000021: Bytecode provider name : javassist
22:41:33.941 [grizzly-http-server-0] INFO  o.h.annotations.common.Version - HCANN000001: Hibernate Commons Annotations {5.0.0.Final}
22:41:34.216 [grizzly-http-server-0] WARN  o.h.e.j.c.i.DriverManagerConnectionProviderImpl - HHH000402: Using Hibernate built-in connection pool (not for production use!)
22:41:34.237 [grizzly-http-server-0] INFO  o.h.e.j.c.i.DriverManagerConnectionProviderImpl - HHH000401: using driver [com.mysql.jdbc.Driver] at URL [jdbc:mysql://162.216.17.47:3306/loop]
22:41:34.238 [grizzly-http-server-0] INFO  o.h.e.j.c.i.DriverManagerConnectionProviderImpl - HHH000046: Connection properties: {user=root, password=****}
22:41:34.238 [grizzly-http-server-0] INFO  o.h.e.j.c.i.DriverManagerConnectionProviderImpl - HHH000006: Autocommit mode: false
22:41:34.240 [grizzly-http-server-0] INFO  o.h.e.j.c.i.DriverManagerConnectionProviderImpl - HHH000115: Hibernate connection pool size: 5 (min=1)
22:41:34.868 [grizzly-http-server-0] INFO  org.hibernate.dialect.Dialect - HHH000400: Using dialect: org.hibernate.dialect.MySQLDialect
22:41:35.527 [grizzly-http-server-0] WARN  org.hibernate.mapping.RootClass - HHH000038: Composite-id class does not override equals(): upsport.loop.model.RatingId
22:41:35.528 [grizzly-http-server-0] WARN  org.hibernate.mapping.RootClass - HHH000039: Composite-id class does not override hashCode(): upsport.loop.model.RatingId
22:42:41.397 [Thread-2] INFO  main - Stopping Server
22:42:49.597 [main] INFO  main - Configuring Server
22:42:49.600 [main] INFO  main - Creating Server
22:42:50.602 [main] INFO  o.h.validator.internal.util.Version - HV000001: Hibernate Validator 5.1.2.Final
22:42:50.885 [main] INFO  main - Starting Server
22:42:50.946 [main] INFO  main - Server Started at => http://localhost:1979/api
22:42:54.215 [grizzly-http-server-0] INFO  org.hibernate.Version - HHH000412: Hibernate Core {5.0.2.Final}
22:42:54.217 [grizzly-http-server-0] INFO  org.hibernate.cfg.Environment - HHH000206: hibernate.properties not found
22:42:54.218 [grizzly-http-server-0] INFO  org.hibernate.cfg.Environment - HHH000021: Bytecode provider name : javassist
22:42:54.467 [grizzly-http-server-0] INFO  o.h.annotations.common.Version - HCANN000001: Hibernate Commons Annotations {5.0.0.Final}
22:42:54.546 [grizzly-http-server-0] WARN  o.h.e.j.c.i.DriverManagerConnectionProviderImpl - HHH000402: Using Hibernate built-in connection pool (not for production use!)
22:42:54.551 [grizzly-http-server-0] INFO  o.h.e.j.c.i.DriverManagerConnectionProviderImpl - HHH000401: using driver [com.mysql.jdbc.Driver] at URL [jdbc:mysql://162.216.17.47:3306/loop]
22:42:54.552 [grizzly-http-server-0] INFO  o.h.e.j.c.i.DriverManagerConnectionProviderImpl - HHH000046: Connection properties: {user=root, password=****}
22:42:54.552 [grizzly-http-server-0] INFO  o.h.e.j.c.i.DriverManagerConnectionProviderImpl - HHH000006: Autocommit mode: false
22:42:54.554 [grizzly-http-server-0] INFO  o.h.e.j.c.i.DriverManagerConnectionProviderImpl - HHH000115: Hibernate connection pool size: 5 (min=1)
22:42:54.997 [grizzly-http-server-0] INFO  org.hibernate.dialect.Dialect - HHH000400: Using dialect: org.hibernate.dialect.MySQLDialect
22:42:55.299 [grizzly-http-server-0] WARN  org.hibernate.mapping.RootClass - HHH000038: Composite-id class does not override equals(): upsport.loop.model.RatingId
22:42:55.300 [grizzly-http-server-0] WARN  org.hibernate.mapping.RootClass - HHH000039: Composite-id class does not override hashCode(): upsport.loop.model.RatingId
22:43:53.285 [Thread-2] INFO  main - Stopping Server
22:46:44.757 [main] INFO  main - Configuring Server
22:46:44.773 [main] INFO  main - Creating Server
22:46:47.062 [main] INFO  o.h.validator.internal.util.Version - HV000001: Hibernate Validator 5.1.2.Final
22:46:47.783 [main] INFO  main - Starting Server
22:46:47.853 [main] INFO  main - Server Started at => http://localhost:1979/api
22:47:16.305 [grizzly-http-server-0] INFO  org.hibernate.Version - HHH000412: Hibernate Core {5.0.2.Final}
22:47:16.308 [grizzly-http-server-0] INFO  org.hibernate.cfg.Environment - HHH000206: hibernate.properties not found
22:47:16.311 [grizzly-http-server-0] INFO  org.hibernate.cfg.Environment - HHH000021: Bytecode provider name : javassist
22:47:16.809 [grizzly-http-server-0] INFO  o.h.annotations.common.Version - HCANN000001: Hibernate Commons Annotations {5.0.0.Final}
22:47:17.025 [grizzly-http-server-0] WARN  o.h.e.j.c.i.DriverManagerConnectionProviderImpl - HHH000402: Using Hibernate built-in connection pool (not for production use!)
22:47:17.042 [grizzly-http-server-0] INFO  o.h.e.j.c.i.DriverManagerConnectionProviderImpl - HHH000401: using driver [com.mysql.jdbc.Driver] at URL [jdbc:mysql://162.216.17.47:3306/loop]
22:47:17.043 [grizzly-http-server-0] INFO  o.h.e.j.c.i.DriverManagerConnectionProviderImpl - HHH000046: Connection properties: {user=root, password=****}
22:47:17.044 [grizzly-http-server-0] INFO  o.h.e.j.c.i.DriverManagerConnectionProviderImpl - HHH000006: Autocommit mode: false
22:47:17.046 [grizzly-http-server-0] INFO  o.h.e.j.c.i.DriverManagerConnectionProviderImpl - HHH000115: Hibernate connection pool size: 5 (min=1)
22:47:17.618 [grizzly-http-server-0] INFO  org.hibernate.dialect.Dialect - HHH000400: Using dialect: org.hibernate.dialect.MySQLDialect
22:47:18.353 [grizzly-http-server-0] WARN  org.hibernate.mapping.RootClass - HHH000038: Composite-id class does not override equals(): upsport.loop.model.RatingId
22:47:18.354 [grizzly-http-server-0] WARN  org.hibernate.mapping.RootClass - HHH000039: Composite-id class does not override hashCode(): upsport.loop.model.RatingId
22:49:23.510 [main] INFO  main - Configuring Server
22:49:23.685 [main] INFO  main - Creating Server
22:49:24.364 [main] INFO  o.h.validator.internal.util.Version - HV000001: Hibernate Validator 5.1.2.Final
22:49:24.811 [main] INFO  main - Starting Server
22:49:24.903 [main] INFO  main - Server Started at => http://localhost:63269/api
22:58:46.483 [main] INFO  main - Configuring Server
22:58:46.825 [main] INFO  main - Creating Server
22:58:48.306 [main] INFO  o.h.validator.internal.util.Version - HV000001: Hibernate Validator 5.1.2.Final
22:58:48.927 [main] INFO  main - Starting Server
22:58:49.037 [main] INFO  main - Server Started at => http://localhost:63296/api
